<?xml version="1.0" encoding="UTF-8"?>
<testsuite xmlns:xsi="http://www.w3.org/2001/XMLSchema-instance" xsi:noNamespaceSchemaLocation="https://maven.apache.org/surefire/maven-surefire-plugin/xsd/surefire-test-report-3.0.xsd" version="3.0" name="domain.game.TestCardRules" time="0.36" tests="70" errors="0" skipped="0" failures="0">
  <properties>
    <property name="java.specification.version" value="17"/>
    <property name="sonar.login" value="12aeda1852058bcd85f3a0897244805f5973dbe1"/>
    <property name="sun.jnu.encoding" value="UTF-8"/>
    <property name="java.class.path" value="/Volumes/Steven 1/Cosas de clase/Cuarto/Laboratorio de herramientas/Proyecto final/Uno/LDyH-PrFinal/target/test-classes:/Volumes/Steven 1/Cosas de clase/Cuarto/Laboratorio de herramientas/Proyecto final/Uno/LDyH-PrFinal/target/classes:/Users/stevenr/.m2/repository/org/springframework/spring-core/5.3.9/spring-core-5.3.9.jar:/Users/stevenr/.m2/repository/org/springframework/spring-jcl/5.3.9/spring-jcl-5.3.9.jar:/Users/stevenr/.m2/repository/junit/junit/4.13.2/junit-4.13.2.jar:/Users/stevenr/.m2/repository/org/hamcrest/hamcrest-core/1.3/hamcrest-core-1.3.jar:/Users/stevenr/.m2/repository/org/apache/logging/log4j/log4j-api/2.17.2/log4j-api-2.17.2.jar:/Users/stevenr/.m2/repository/org/apache/logging/log4j/log4j-core/2.17.2/log4j-core-2.17.2.jar:/Users/stevenr/.m2/repository/org/junit/jupiter/junit-jupiter-api/5.8.1/junit-jupiter-api-5.8.1.jar:/Users/stevenr/.m2/repository/org/opentest4j/opentest4j/1.2.0/opentest4j-1.2.0.jar:/Users/stevenr/.m2/repository/org/junit/platform/junit-platform-commons/1.8.1/junit-platform-commons-1.8.1.jar:/Users/stevenr/.m2/repository/org/apiguardian/apiguardian-api/1.1.2/apiguardian-api-1.1.2.jar:/Users/stevenr/.m2/repository/org/junit/jupiter/junit-jupiter-engine/5.8.1/junit-jupiter-engine-5.8.1.jar:/Users/stevenr/.m2/repository/org/junit/platform/junit-platform-engine/1.8.1/junit-platform-engine-1.8.1.jar:/Users/stevenr/.m2/repository/org/junit/jupiter/junit-jupiter-params/5.8.1/junit-jupiter-params-5.8.1.jar:"/>
    <property name="java.vm.vendor" value="Homebrew"/>
    <property name="sun.arch.data.model" value="64"/>
    <property name="sun.font.fontmanager" value="sun.font.CFontManager"/>
    <property name="java.vendor.url" value="https://github.com/Homebrew/homebrew-core/issues"/>
    <property name="os.name" value="Mac OS X"/>
    <property name="java.vm.specification.version" value="17"/>
    <property name="sun.java.launcher" value="SUN_STANDARD"/>
    <property name="user.country" value="ES"/>
    <property name="sun.boot.library.path" value="/usr/local/Cellar/openjdk@17/17.0.13/libexec/openjdk.jdk/Contents/Home/lib"/>
    <property name="sun.java.command" value="/Volumes/Steven 1/Cosas de clase/Cuarto/Laboratorio de herramientas/Proyecto final/Uno/LDyH-PrFinal/target/surefire/surefirebooter7538007499008072237.jar /Volumes/Steven 1/Cosas de clase/Cuarto/Laboratorio de herramientas/Proyecto final/Uno/LDyH-PrFinal/target/surefire 2024-12-10T21-47-48_970-jvmRun1 surefire10074521965984648598tmp surefire_010930164651136859761tmp"/>
    <property name="http.nonProxyHosts" value="local|*.local|169.254/16|*.169.254/16"/>
    <property name="jdk.debug" value="release"/>
    <property name="surefire.test.class.path" value="/Volumes/Steven 1/Cosas de clase/Cuarto/Laboratorio de herramientas/Proyecto final/Uno/LDyH-PrFinal/target/test-classes:/Volumes/Steven 1/Cosas de clase/Cuarto/Laboratorio de herramientas/Proyecto final/Uno/LDyH-PrFinal/target/classes:/Users/stevenr/.m2/repository/org/springframework/spring-core/5.3.9/spring-core-5.3.9.jar:/Users/stevenr/.m2/repository/org/springframework/spring-jcl/5.3.9/spring-jcl-5.3.9.jar:/Users/stevenr/.m2/repository/junit/junit/4.13.2/junit-4.13.2.jar:/Users/stevenr/.m2/repository/org/hamcrest/hamcrest-core/1.3/hamcrest-core-1.3.jar:/Users/stevenr/.m2/repository/org/apache/logging/log4j/log4j-api/2.17.2/log4j-api-2.17.2.jar:/Users/stevenr/.m2/repository/org/apache/logging/log4j/log4j-core/2.17.2/log4j-core-2.17.2.jar:/Users/stevenr/.m2/repository/org/junit/jupiter/junit-jupiter-api/5.8.1/junit-jupiter-api-5.8.1.jar:/Users/stevenr/.m2/repository/org/opentest4j/opentest4j/1.2.0/opentest4j-1.2.0.jar:/Users/stevenr/.m2/repository/org/junit/platform/junit-platform-commons/1.8.1/junit-platform-commons-1.8.1.jar:/Users/stevenr/.m2/repository/org/apiguardian/apiguardian-api/1.1.2/apiguardian-api-1.1.2.jar:/Users/stevenr/.m2/repository/org/junit/jupiter/junit-jupiter-engine/5.8.1/junit-jupiter-engine-5.8.1.jar:/Users/stevenr/.m2/repository/org/junit/platform/junit-platform-engine/1.8.1/junit-platform-engine-1.8.1.jar:/Users/stevenr/.m2/repository/org/junit/jupiter/junit-jupiter-params/5.8.1/junit-jupiter-params-5.8.1.jar:"/>
    <property name="sun.cpu.endian" value="little"/>
    <property name="user.home" value="/Users/stevenr"/>
    <property name="user.language" value="es"/>
    <property name="java.specification.vendor" value="Oracle Corporation"/>
    <property name="java.version.date" value="2024-10-15"/>
    <property name="java.home" value="/usr/local/Cellar/openjdk@17/17.0.13/libexec/openjdk.jdk/Contents/Home"/>
    <property name="file.separator" value="/"/>
    <property name="basedir" value="/Volumes/Steven 1/Cosas de clase/Cuarto/Laboratorio de herramientas/Proyecto final/Uno/LDyH-PrFinal"/>
    <property name="java.vm.compressedOopsMode" value="Zero based"/>
    <property name="line.separator" value="&#10;"/>
    <property name="java.vm.specification.vendor" value="Oracle Corporation"/>
    <property name="java.specification.name" value="Java Platform API Specification"/>
    <property name="surefire.real.class.path" value="/Volumes/Steven 1/Cosas de clase/Cuarto/Laboratorio de herramientas/Proyecto final/Uno/LDyH-PrFinal/target/surefire/surefirebooter7538007499008072237.jar"/>
    <property name="sun.management.compiler" value="HotSpot 64-Bit Tiered Compilers"/>
    <property name="ftp.nonProxyHosts" value="local|*.local|169.254/16|*.169.254/16"/>
    <property name="java.runtime.version" value="17.0.13+0"/>
    <property name="user.name" value="stevenr"/>
    <property name="path.separator" value=":"/>
    <property name="os.version" value="15.0"/>
    <property name="java.runtime.name" value="OpenJDK Runtime Environment"/>
    <property name="file.encoding" value="UTF-8"/>
    <property name="java.vm.name" value="OpenJDK 64-Bit Server VM"/>
    <property name="java.vendor.version" value="Homebrew"/>
    <property name="localRepository" value="/Users/stevenr/.m2/repository"/>
    <property name="java.vendor.url.bug" value="https://github.com/Homebrew/homebrew-core/issues"/>
    <property name="java.io.tmpdir" value="/var/folders/d1/pq2_x5r97md0vrqjyw2ymw680000gn/T/"/>
    <property name="java.version" value="17.0.13"/>
    <property name="user.dir" value="/Volumes/Steven 1/Cosas de clase/Cuarto/Laboratorio de herramientas/Proyecto final/Uno/LDyH-PrFinal"/>
    <property name="os.arch" value="x86_64"/>
    <property name="java.vm.specification.name" value="Java Virtual Machine Specification"/>
    <property name="sonar.organization" value="stevenrguez"/>
    <property name="native.encoding" value="UTF-8"/>
    <property name="sonar.projectKey" value="StevenRguez_LDyH-PrFinal"/>
    <property name="java.library.path" value="/Users/stevenr/Library/Java/Extensions:/Library/Java/Extensions:/Network/Library/Java/Extensions:/System/Library/Java/Extensions:/usr/lib/java:."/>
    <property name="java.vm.info" value="mixed mode, sharing"/>
    <property name="java.vendor" value="Homebrew"/>
    <property name="java.vm.version" value="17.0.13+0"/>
    <property name="java.specification.maintenance.version" value="1"/>
    <property name="sun.io.unicode.encoding" value="UnicodeBig"/>
    <property name="socksNonProxyHosts" value="local|*.local|169.254/16|*.169.254/16"/>
    <property name="java.class.version" value="61.0"/>
  </properties>
  <testcase name="cuandoCartaWildDrawFourSinColor_DeberiaSerInvalida" classname="domain.game.TestCardRules" time="0.01"/>
  <testcase name="cuandoCartaSkipEsJugada_SinCoincidenciaDeColor_DeberiaSerInvalida" classname="domain.game.TestCardRules" time="0.003"/>
  <testcase name="cuandoCartaComodinEsJugada_DeberiaSerValida" classname="domain.game.TestCardRules" time="0.001"/>
  <testcase name="cuandoCartaComodinSinColor_DeberiaSerInvalida" classname="domain.game.TestCardRules" time="0.001"/>
  <testcase name="cuandoCartaReversaEsJugada_ConCoincidenciaDeColor_DeberiaSerValida" classname="domain.game.TestCardRules" time="0"/>
  <testcase name="cuandoCartaAccionEsJugada_DeberiaSerValida(Card, Card)[1]" classname="domain.game.TestCardRules" time="0.038"/>
  <testcase name="cuandoCartaAccionEsJugada_DeberiaSerValida(Card, Card)[2]" classname="domain.game.TestCardRules" time="0.006"/>
  <testcase name="cuandoCartaAccionEsJugada_DeberiaSerValida(Card, Card)[3]" classname="domain.game.TestCardRules" time="0.001"/>
  <testcase name="cuandoCartaAccionEsJugada_DeberiaSerValida(Card, Card)[4]" classname="domain.game.TestCardRules" time="0.001"/>
  <testcase name="cuandoCartaAccionEsJugada_DeberiaSerValida(Card, Card)[5]" classname="domain.game.TestCardRules" time="0.002"/>
  <testcase name="cuandoCartaAccionEsJugada_DeberiaSerValida(Card, Card)[6]" classname="domain.game.TestCardRules" time="0.001"/>
  <testcase name="cuandoCartaAccionEsJugada_DeberiaSerValida(Card, Card)[7]" classname="domain.game.TestCardRules" time="0.001"/>
  <testcase name="cuandoCartaAccionEsJugada_DeberiaSerValida(Card, Card)[8]" classname="domain.game.TestCardRules" time="0.003"/>
  <testcase name="cuandoCartaAccionEsJugada_DeberiaSerValida(Card, Card)[9]" classname="domain.game.TestCardRules" time="0.002"/>
  <testcase name="cuandoCartaAccionEsJugada_DeberiaSerValida(Card, Card)[10]" classname="domain.game.TestCardRules" time="0.001"/>
  <testcase name="cuandoCartaAccionEsJugada_DeberiaSerValida(Card, Card)[11]" classname="domain.game.TestCardRules" time="0.002"/>
  <testcase name="cuandoCartaAccionEsJugada_DeberiaSerValida(Card, Card)[12]" classname="domain.game.TestCardRules" time="0.002"/>
  <testcase name="cuandoCartaAccionEsJugada_DeberiaSerValida(Card, Card)[13]" classname="domain.game.TestCardRules" time="0.001"/>
  <testcase name="cuandoCartaAccionEsJugada_DeberiaSerValida(Card, Card)[14]" classname="domain.game.TestCardRules" time="0.002"/>
  <testcase name="cuandoCartaAccionEsJugada_DeberiaSerValida(Card, Card)[15]" classname="domain.game.TestCardRules" time="0.001"/>
  <testcase name="cuandoCartaAccionEsJugada_DeberiaSerValida(Card, Card)[16]" classname="domain.game.TestCardRules" time="0.001"/>
  <testcase name="cuandoCartaAccionEsJugada_DeberiaSerValida(Card, Card)[17]" classname="domain.game.TestCardRules" time="0.001"/>
  <testcase name="cuandoCartaAccionEsJugada_DeberiaSerValida(Card, Card)[18]" classname="domain.game.TestCardRules" time="0.001"/>
  <testcase name="cuandoCartaAccionEsJugada_DeberiaSerValida(Card, Card)[19]" classname="domain.game.TestCardRules" time="0.001"/>
  <testcase name="cuandoCartaAccionEsJugada_DeberiaSerValida(Card, Card)[20]" classname="domain.game.TestCardRules" time="0.002"/>
  <testcase name="cuandoCartaAccionEsJugada_DeberiaSerValida(Card, Card)[21]" classname="domain.game.TestCardRules" time="0.002"/>
  <testcase name="cuandoCartaNumericaNoCoincidenteEsJugada_DeberiaSerInvalida(Card)[1]" classname="domain.game.TestCardRules" time="0.001"/>
  <testcase name="cuandoCartaNumericaNoCoincidenteEsJugada_DeberiaSerInvalida(Card)[2]" classname="domain.game.TestCardRules" time="0"/>
  <testcase name="cuandoCartaNumericaNoCoincidenteEsJugada_DeberiaSerInvalida(Card)[3]" classname="domain.game.TestCardRules" time="0"/>
  <testcase name="cuandoCartaNumericaNoCoincidenteEsJugada_DeberiaSerInvalida(Card)[4]" classname="domain.game.TestCardRules" time="0.002"/>
  <testcase name="cuandoCartaNumericaNoCoincidenteEsJugada_DeberiaSerInvalida(Card)[5]" classname="domain.game.TestCardRules" time="0.001"/>
  <testcase name="cuandoCartaNumericaNoCoincidenteEsJugada_DeberiaSerInvalida(Card)[6]" classname="domain.game.TestCardRules" time="0.002"/>
  <testcase name="cuandoCartaNumericaNoCoincidenteEsJugada_DeberiaSerInvalida(Card)[7]" classname="domain.game.TestCardRules" time="0.001"/>
  <testcase name="cuandoCartaNumericaNoCoincidenteEsJugada_DeberiaSerInvalida(Card)[8]" classname="domain.game.TestCardRules" time="0"/>
  <testcase name="cuandoCartaNumericaNoCoincidenteEsJugada_DeberiaSerInvalida(Card)[9]" classname="domain.game.TestCardRules" time="0"/>
  <testcase name="cuandoCartaNumericaNoCoincidenteEsJugada_DeberiaSerInvalida(Card)[10]" classname="domain.game.TestCardRules" time="0.001"/>
  <testcase name="cuandoCartaComodinConColorElegido_DeberiaSerValida" classname="domain.game.TestCardRules" time="0.001"/>
  <testcase name="cuandoCartaDrawTwoEsJugada_SinCoincidencia_DeberiaSerInvalida" classname="domain.game.TestCardRules" time="0.002"/>
  <testcase name="cuandoCartaDrawTwoEsJugada_ConCoincidenciaDeColor_DeberiaSerValida" classname="domain.game.TestCardRules" time="0.002"/>
  <testcase name="cuandoCartaNumericaEsJugada_DeberiaSerValida(Card)[1]" classname="domain.game.TestCardRules" time="0.003"/>
  <testcase name="cuandoCartaNumericaEsJugada_DeberiaSerValida(Card)[2]" classname="domain.game.TestCardRules" time="0.003"/>
  <testcase name="cuandoCartaNumericaEsJugada_DeberiaSerValida(Card)[3]" classname="domain.game.TestCardRules" time="0.004"/>
  <testcase name="cuandoCartaNumericaEsJugada_DeberiaSerValida(Card)[4]" classname="domain.game.TestCardRules" time="0.001"/>
  <testcase name="cuandoCartaNumericaEsJugada_DeberiaSerValida(Card)[5]" classname="domain.game.TestCardRules" time="0.002"/>
  <testcase name="cuandoCartaNumericaEsJugada_DeberiaSerValida(Card)[6]" classname="domain.game.TestCardRules" time="0.002"/>
  <testcase name="cuandoCartaNumericaEsJugada_DeberiaSerValida(Card)[7]" classname="domain.game.TestCardRules" time="0.001"/>
  <testcase name="cuandoCartaNumericaEsJugada_DeberiaSerValida(Card)[8]" classname="domain.game.TestCardRules" time="0.001"/>
  <testcase name="cuandoCartaNumericaEsJugadaConComodinSuperior_DeberiaSerInvalida" classname="domain.game.TestCardRules" time="0"/>
  <testcase name="cuandoCartaAccionNoCoincidenteEsJugada_DeberiaSerInvalida(Card, Card)[1]" classname="domain.game.TestCardRules" time="0.004"/>
  <testcase name="cuandoCartaAccionNoCoincidenteEsJugada_DeberiaSerInvalida(Card, Card)[2]" classname="domain.game.TestCardRules" time="0.001"/>
  <testcase name="cuandoCartaAccionNoCoincidenteEsJugada_DeberiaSerInvalida(Card, Card)[3]" classname="domain.game.TestCardRules" time="0.001"/>
  <testcase name="cuandoCartaAccionNoCoincidenteEsJugada_DeberiaSerInvalida(Card, Card)[4]" classname="domain.game.TestCardRules" time="0"/>
  <testcase name="cuandoCartaAccionNoCoincidenteEsJugada_DeberiaSerInvalida(Card, Card)[5]" classname="domain.game.TestCardRules" time="0"/>
  <testcase name="cuandoCartaAccionNoCoincidenteEsJugada_DeberiaSerInvalida(Card, Card)[6]" classname="domain.game.TestCardRules" time="0.001"/>
  <testcase name="cuandoCartaAccionNoCoincidenteEsJugada_DeberiaSerInvalida(Card, Card)[7]" classname="domain.game.TestCardRules" time="0"/>
  <testcase name="cuandoCartaAccionNoCoincidenteEsJugada_DeberiaSerInvalida(Card, Card)[8]" classname="domain.game.TestCardRules" time="0"/>
  <testcase name="cuandoCartaAccionNoCoincidenteEsJugada_DeberiaSerInvalida(Card, Card)[9]" classname="domain.game.TestCardRules" time="0"/>
  <testcase name="cuandoCartaAccionNoCoincidenteEsJugada_DeberiaSerInvalida(Card, Card)[10]" classname="domain.game.TestCardRules" time="0"/>
  <testcase name="cuandoCartaAccionNoCoincidenteEsJugada_DeberiaSerInvalida(Card, Card)[11]" classname="domain.game.TestCardRules" time="0.001"/>
  <testcase name="cuandoCartaAccionNoCoincidenteEsJugada_DeberiaSerInvalida(Card, Card)[12]" classname="domain.game.TestCardRules" time="0.001"/>
  <testcase name="cuandoCartaAccionNoCoincidenteEsJugada_DeberiaSerInvalida(Card, Card)[13]" classname="domain.game.TestCardRules" time="0"/>
  <testcase name="cuandoCartaAccionNoCoincidenteEsJugada_DeberiaSerInvalida(Card, Card)[14]" classname="domain.game.TestCardRules" time="0.002"/>
  <testcase name="cuandoCartaAccionNoCoincidenteEsJugada_DeberiaSerInvalida(Card, Card)[15]" classname="domain.game.TestCardRules" time="0"/>
  <testcase name="cuandoCartaAccionNoCoincidenteEsJugada_DeberiaSerInvalida(Card, Card)[16]" classname="domain.game.TestCardRules" time="0.002"/>
  <testcase name="cuandoCartaAccionNoCoincidenteEsJugada_DeberiaSerInvalida(Card, Card)[17]" classname="domain.game.TestCardRules" time="0.002"/>
  <testcase name="cuandoCartaAccionNoCoincidenteEsJugada_DeberiaSerInvalida(Card, Card)[18]" classname="domain.game.TestCardRules" time="0.001"/>
  <testcase name="cuandoCartaAccionNoCoincidenteEsJugada_DeberiaSerInvalida(Card, Card)[19]" classname="domain.game.TestCardRules" time="0.001"/>
  <testcase name="cuandoCartaAccionNoCoincidenteEsJugada_DeberiaSerInvalida(Card, Card)[20]" classname="domain.game.TestCardRules" time="0.001"/>
  <testcase name="cuandoCartaAccionNoCoincidenteEsJugada_DeberiaSerInvalida(Card, Card)[21]" classname="domain.game.TestCardRules" time="0"/>
  <testcase name="cuandoCartaWildDrawFourEsJugada_DeberiaSerValida" classname="domain.game.TestCardRules" time="0"/>
</testsuite>