<?xml version="1.0" encoding="UTF-8"?>
<testsuite xmlns:xsi="http://www.w3.org/2001/XMLSchema-instance" xsi:noNamespaceSchemaLocation="https://maven.apache.org/surefire/maven-surefire-plugin/xsd/surefire-test-report-3.0.xsd" version="3.0" name="application.TestIGameAppServiceContract" time="4.801" tests="8" errors="0" skipped="0" failures="0">
  <properties>
    <property name="java.specification.version" value="17"/>
    <property name="sun.jnu.encoding" value="UTF-8"/>
    <property name="sun.awt.enableExtraMouseButtons" value="true"/>
    <property name="java.class.path" value="/Volumes/Steven 1/Cosas de clase/Cuarto/Laboratorio de herramientas/carpeta sin título/LDyH-PrFinal/target/test-classes:/Volumes/Steven 1/Cosas de clase/Cuarto/Laboratorio de herramientas/carpeta sin título/LDyH-PrFinal/target/classes:/Users/stevenr/.m2/repository/org/springframework/spring-core/5.3.9/spring-core-5.3.9.jar:/Users/stevenr/.m2/repository/org/springframework/spring-jcl/5.3.9/spring-jcl-5.3.9.jar:/Users/stevenr/.m2/repository/junit/junit/4.13.2/junit-4.13.2.jar:/Users/stevenr/.m2/repository/org/hamcrest/hamcrest-core/1.3/hamcrest-core-1.3.jar:/Users/stevenr/.m2/repository/org/apache/logging/log4j/log4j-api/2.17.2/log4j-api-2.17.2.jar:/Users/stevenr/.m2/repository/org/apache/logging/log4j/log4j-core/2.17.2/log4j-core-2.17.2.jar:/Users/stevenr/.m2/repository/org/junit/jupiter/junit-jupiter-api/5.8.1/junit-jupiter-api-5.8.1.jar:/Users/stevenr/.m2/repository/org/opentest4j/opentest4j/1.2.0/opentest4j-1.2.0.jar:/Users/stevenr/.m2/repository/org/junit/platform/junit-platform-commons/1.8.1/junit-platform-commons-1.8.1.jar:/Users/stevenr/.m2/repository/org/apiguardian/apiguardian-api/1.1.2/apiguardian-api-1.1.2.jar:/Users/stevenr/.m2/repository/org/junit/jupiter/junit-jupiter-engine/5.8.1/junit-jupiter-engine-5.8.1.jar:/Users/stevenr/.m2/repository/org/junit/platform/junit-platform-engine/1.8.1/junit-platform-engine-1.8.1.jar:/Users/stevenr/.m2/repository/org/junit/jupiter/junit-jupiter-params/5.8.1/junit-jupiter-params-5.8.1.jar:"/>
    <property name="java.vm.vendor" value="Homebrew"/>
    <property name="sun.arch.data.model" value="64"/>
    <property name="sun.font.fontmanager" value="sun.font.CFontManager"/>
    <property name="java.vendor.url" value="https://github.com/Homebrew/homebrew-core/issues"/>
    <property name="user.timezone" value="Atlantic/Canary"/>
    <property name="os.name" value="Mac OS X"/>
    <property name="java.vm.specification.version" value="17"/>
    <property name="sun.java.launcher" value="SUN_STANDARD"/>
    <property name="user.country" value="ES"/>
    <property name="sun.boot.library.path" value="/usr/local/Cellar/openjdk@17/17.0.13/libexec/openjdk.jdk/Contents/Home/lib"/>
    <property name="sun.java.command" value="/Volumes/Steven 1/Cosas de clase/Cuarto/Laboratorio de herramientas/carpeta sin título/LDyH-PrFinal/target/surefire/surefirebooter3821744975176079594.jar /Volumes/Steven 1/Cosas de clase/Cuarto/Laboratorio de herramientas/carpeta sin título/LDyH-PrFinal/target/surefire 2024-12-13T19-37-45_558-jvmRun1 surefire2977673099286683241tmp surefire_016584284437407897432tmp"/>
    <property name="http.nonProxyHosts" value="local|*.local|169.254/16|*.169.254/16"/>
    <property name="jdk.debug" value="release"/>
    <property name="surefire.test.class.path" value="/Volumes/Steven 1/Cosas de clase/Cuarto/Laboratorio de herramientas/carpeta sin título/LDyH-PrFinal/target/test-classes:/Volumes/Steven 1/Cosas de clase/Cuarto/Laboratorio de herramientas/carpeta sin título/LDyH-PrFinal/target/classes:/Users/stevenr/.m2/repository/org/springframework/spring-core/5.3.9/spring-core-5.3.9.jar:/Users/stevenr/.m2/repository/org/springframework/spring-jcl/5.3.9/spring-jcl-5.3.9.jar:/Users/stevenr/.m2/repository/junit/junit/4.13.2/junit-4.13.2.jar:/Users/stevenr/.m2/repository/org/hamcrest/hamcrest-core/1.3/hamcrest-core-1.3.jar:/Users/stevenr/.m2/repository/org/apache/logging/log4j/log4j-api/2.17.2/log4j-api-2.17.2.jar:/Users/stevenr/.m2/repository/org/apache/logging/log4j/log4j-core/2.17.2/log4j-core-2.17.2.jar:/Users/stevenr/.m2/repository/org/junit/jupiter/junit-jupiter-api/5.8.1/junit-jupiter-api-5.8.1.jar:/Users/stevenr/.m2/repository/org/opentest4j/opentest4j/1.2.0/opentest4j-1.2.0.jar:/Users/stevenr/.m2/repository/org/junit/platform/junit-platform-commons/1.8.1/junit-platform-commons-1.8.1.jar:/Users/stevenr/.m2/repository/org/apiguardian/apiguardian-api/1.1.2/apiguardian-api-1.1.2.jar:/Users/stevenr/.m2/repository/org/junit/jupiter/junit-jupiter-engine/5.8.1/junit-jupiter-engine-5.8.1.jar:/Users/stevenr/.m2/repository/org/junit/platform/junit-platform-engine/1.8.1/junit-platform-engine-1.8.1.jar:/Users/stevenr/.m2/repository/org/junit/jupiter/junit-jupiter-params/5.8.1/junit-jupiter-params-5.8.1.jar:"/>
    <property name="sun.cpu.endian" value="little"/>
    <property name="user.home" value="/Users/stevenr"/>
    <property name="user.language" value="es"/>
    <property name="java.specification.vendor" value="Oracle Corporation"/>
    <property name="java.version.date" value="2024-10-15"/>
    <property name="java.home" value="/usr/local/Cellar/openjdk@17/17.0.13/libexec/openjdk.jdk/Contents/Home"/>
    <property name="file.separator" value="/"/>
    <property name="basedir" value="/Volumes/Steven 1/Cosas de clase/Cuarto/Laboratorio de herramientas/carpeta sin título/LDyH-PrFinal"/>
    <property name="java.vm.compressedOopsMode" value="Zero based"/>
    <property name="line.separator" value="&#10;"/>
    <property name="java.vm.specification.vendor" value="Oracle Corporation"/>
    <property name="java.specification.name" value="Java Platform API Specification"/>
    <property name="surefire.real.class.path" value="/Volumes/Steven 1/Cosas de clase/Cuarto/Laboratorio de herramientas/carpeta sin título/LDyH-PrFinal/target/surefire/surefirebooter3821744975176079594.jar"/>
    <property name="sun.management.compiler" value="HotSpot 64-Bit Tiered Compilers"/>
    <property name="ftp.nonProxyHosts" value="local|*.local|169.254/16|*.169.254/16"/>
    <property name="java.runtime.version" value="17.0.13+0"/>
    <property name="user.name" value="stevenr"/>
    <property name="path.separator" value=":"/>
    <property name="os.version" value="15.0"/>
    <property name="java.runtime.name" value="OpenJDK Runtime Environment"/>
    <property name="file.encoding" value="UTF-8"/>
    <property name="java.vm.name" value="OpenJDK 64-Bit Server VM"/>
    <property name="java.vendor.version" value="Homebrew"/>
    <property name="localRepository" value="/Users/stevenr/.m2/repository"/>
    <property name="java.vendor.url.bug" value="https://github.com/Homebrew/homebrew-core/issues"/>
    <property name="java.io.tmpdir" value="/var/folders/d1/pq2_x5r97md0vrqjyw2ymw680000gn/T/"/>
    <property name="java.version" value="17.0.13"/>
    <property name="user.dir" value="/Volumes/Steven 1/Cosas de clase/Cuarto/Laboratorio de herramientas/carpeta sin título/LDyH-PrFinal"/>
    <property name="os.arch" value="x86_64"/>
    <property name="java.vm.specification.name" value="Java Virtual Machine Specification"/>
    <property name="native.encoding" value="UTF-8"/>
    <property name="java.library.path" value="/Users/stevenr/Library/Java/Extensions:/Library/Java/Extensions:/Network/Library/Java/Extensions:/System/Library/Java/Extensions:/usr/lib/java:."/>
    <property name="java.vm.info" value="mixed mode, sharing"/>
    <property name="java.vendor" value="Homebrew"/>
    <property name="java.vm.version" value="17.0.13+0"/>
    <property name="java.specification.maintenance.version" value="1"/>
    <property name="sun.io.unicode.encoding" value="UnicodeBig"/>
    <property name="socksNonProxyHosts" value="local|*.local|169.254/16|*.169.254/16"/>
    <property name="java.class.version" value="61.0"/>
  </properties>
  <testcase name="testPlayCard" classname="application.TestIGameAppServiceContract" time="4.051">
    <system-out><![CDATA[19:37:51.908 [main] INFO  GameAppService - Juego creado exitosamente
19:37:51.924 [main] DEBUG GameAppService - Jugador Jugador 1 con 7 cartas => [ActionCard{REVERSE, BLUE},WildCard{WILD_COLOR, null},NumberCard{2, YELLOW},NumberCard{2, RED},ActionCard{REVERSE, GREEN},NumberCard{9, BLUE},NumberCard{6, YELLOW}]
19:37:51.924 [main] DEBUG GameAppService - Jugador Jugador 2 con 7 cartas => [NumberCard{2, YELLOW},ActionCard{DRAW_TWO, BLUE},WildCard{WILD_COLOR, null},NumberCard{8, GREEN},NumberCard{6, GREEN},NumberCard{5, GREEN},NumberCard{4, GREEN}]
]]></system-out>
  </testcase>
  <testcase name="testGetPlayerInfos" classname="application.TestIGameAppServiceContract" time="0.229">
    <system-out><![CDATA[19:37:52.175 [main] INFO  GameAppService - Juego creado exitosamente
19:37:52.176 [main] DEBUG GameAppService - Jugador Jugador 1 con 7 cartas => [ActionCard{SKIP, YELLOW},NumberCard{1, RED},NumberCard{9, BLUE},NumberCard{5, RED},NumberCard{8, GREEN},NumberCard{7, YELLOW},NumberCard{7, BLUE}]
19:37:52.176 [main] DEBUG GameAppService - Jugador Jugador 2 con 7 cartas => [NumberCard{7, BLUE},NumberCard{3, GREEN},WildCard{WILD_COLOR, null},ActionCard{SKIP, BLUE},NumberCard{3, YELLOW},NumberCard{9, BLUE},NumberCard{6, RED}]
]]></system-out>
  </testcase>
  <testcase name="testDrawCard" classname="application.TestIGameAppServiceContract" time="0.105">
    <system-out><![CDATA[19:37:52.276 [main] INFO  GameAppService - Juego creado exitosamente
19:37:52.276 [main] DEBUG GameAppService - Jugador Jugador 1 con 7 cartas => [NumberCard{6, YELLOW},NumberCard{2, RED},NumberCard{6, GREEN},ActionCard{SKIP, YELLOW},NumberCard{3, BLUE},NumberCard{7, BLUE},NumberCard{0, GREEN}]
19:37:52.277 [main] DEBUG GameAppService - Jugador Jugador 2 con 7 cartas => [NumberCard{8, RED},NumberCard{5, RED},NumberCard{9, YELLOW},NumberCard{3, RED},NumberCard{9, BLUE},ActionCard{REVERSE, YELLOW},ActionCard{REVERSE, RED}]
19:37:52.294 [main] INFO  GameAppService - El jugador dfbd45a0-5ef5-4336-b43c-cb845b9e3ea8 roba una carta
]]></system-out>
  </testcase>
  <testcase name="testGetCurrentPlayer" classname="application.TestIGameAppServiceContract" time="0.065">
    <system-out><![CDATA[19:37:52.358 [main] INFO  GameAppService - Juego creado exitosamente
19:37:52.360 [main] DEBUG GameAppService - Jugador Jugador 1 con 7 cartas => [NumberCard{8, YELLOW},NumberCard{3, RED},NumberCard{3, GREEN},NumberCard{5, BLUE},NumberCard{1, GREEN},NumberCard{7, BLUE},NumberCard{1, YELLOW}]
19:37:52.361 [main] DEBUG GameAppService - Jugador Jugador 2 con 7 cartas => [NumberCard{5, GREEN},NumberCard{2, BLUE},NumberCard{7, BLUE},NumberCard{2, BLUE},ActionCard{REVERSE, GREEN},NumberCard{6, RED},NumberCard{8, BLUE}]
]]></system-out>
  </testcase>
  <testcase name="testIsGameOver" classname="application.TestIGameAppServiceContract" time="0.046">
    <system-out><![CDATA[19:37:52.407 [main] INFO  GameAppService - Juego creado exitosamente
19:37:52.407 [main] DEBUG GameAppService - Jugador Jugador 1 con 7 cartas => [NumberCard{5, GREEN},NumberCard{7, YELLOW},ActionCard{REVERSE, GREEN},ActionCard{SKIP, YELLOW},NumberCard{1, BLUE},NumberCard{6, GREEN},NumberCard{7, RED}]
19:37:52.408 [main] DEBUG GameAppService - Jugador Jugador 2 con 7 cartas => [NumberCard{2, YELLOW},NumberCard{5, RED},WildCard{WILD_COLOR, null},WildCard{WILD_COLOR, null},NumberCard{7, YELLOW},NumberCard{3, YELLOW},NumberCard{6, YELLOW}]
]]></system-out>
  </testcase>
  <testcase name="testGetHandCards" classname="application.TestIGameAppServiceContract" time="0.068">
    <system-out><![CDATA[19:37:52.476 [main] INFO  GameAppService - Juego creado exitosamente
19:37:52.477 [main] DEBUG GameAppService - Jugador Jugador 1 con 7 cartas => [NumberCard{8, BLUE},NumberCard{9, BLUE},NumberCard{2, BLUE},NumberCard{2, GREEN},NumberCard{0, YELLOW},NumberCard{0, BLUE},NumberCard{7, GREEN}]
19:37:52.478 [main] DEBUG GameAppService - Jugador Jugador 2 con 7 cartas => [ActionCard{REVERSE, RED},ActionCard{SKIP, RED},NumberCard{2, RED},ActionCard{REVERSE, GREEN},NumberCard{4, GREEN},NumberCard{2, YELLOW},ActionCard{REVERSE, YELLOW}]
]]></system-out>
  </testcase>
  <testcase name="testGetWinner" classname="application.TestIGameAppServiceContract" time="0.046">
    <system-out><![CDATA[19:37:52.526 [main] INFO  GameAppService - Juego creado exitosamente
19:37:52.527 [main] DEBUG GameAppService - Jugador Jugador 1 con 7 cartas => [NumberCard{9, GREEN},NumberCard{3, GREEN},NumberCard{9, BLUE},NumberCard{5, RED},ActionCard{DRAW_TWO, RED},ActionCard{SKIP, RED},ActionCard{SKIP, YELLOW}]
19:37:52.527 [main] DEBUG GameAppService - Jugador Jugador 2 con 7 cartas => [NumberCard{8, YELLOW},NumberCard{2, GREEN},ActionCard{SKIP, BLUE},NumberCard{4, GREEN},NumberCard{5, BLUE},ActionCard{REVERSE, GREEN},NumberCard{6, BLUE}]
]]></system-out>
  </testcase>
  <testcase name="testPeekTopCard" classname="application.TestIGameAppServiceContract" time="0.072">
    <system-out><![CDATA[19:37:52.593 [main] INFO  GameAppService - Juego creado exitosamente
19:37:52.594 [main] DEBUG GameAppService - Jugador Jugador 1 con 7 cartas => [ActionCard{REVERSE, RED},ActionCard{SKIP, GREEN},NumberCard{6, BLUE},NumberCard{8, YELLOW},ActionCard{DRAW_TWO, RED},NumberCard{2, GREEN},NumberCard{5, YELLOW}]
19:37:52.596 [main] DEBUG GameAppService - Jugador Jugador 2 con 7 cartas => [NumberCard{2, BLUE},NumberCard{0, BLUE},ActionCard{REVERSE, GREEN},WildCard{WILD_DRAW_FOUR, null},NumberCard{3, YELLOW},NumberCard{7, RED},NumberCard{5, GREEN}]
]]></system-out>
  </testcase>
</testsuite>