<?xml version="1.0" encoding="UTF-8"?>
<testsuite xmlns:xsi="http://www.w3.org/2001/XMLSchema-instance" xsi:noNamespaceSchemaLocation="https://maven.apache.org/surefire/maven-surefire-plugin/xsd/surefire-test-report-3.0.xsd" version="3.0" name="domain.player.TestInmutablePlayer" time="0.002" tests="2" errors="0" skipped="0" failures="0">
  <properties>
    <property name="java.specification.version" value="17"/>
    <property name="sun.jnu.encoding" value="UTF-8"/>
    <property name="java.class.path" value="/Volumes/Steven 1/Cosas de clase/Cuarto/Laboratorio de herramientas/Proyecto final/Uno/LDyH-PrFinal/target/test-classes:/Volumes/Steven 1/Cosas de clase/Cuarto/Laboratorio de herramientas/Proyecto final/Uno/LDyH-PrFinal/target/classes:/Users/stevenr/.m2/repository/org/springframework/spring-core/5.3.9/spring-core-5.3.9.jar:/Users/stevenr/.m2/repository/org/springframework/spring-jcl/5.3.9/spring-jcl-5.3.9.jar:/Users/stevenr/.m2/repository/junit/junit/4.13.2/junit-4.13.2.jar:/Users/stevenr/.m2/repository/org/hamcrest/hamcrest-core/1.3/hamcrest-core-1.3.jar:/Users/stevenr/.m2/repository/org/apache/logging/log4j/log4j-api/2.17.2/log4j-api-2.17.2.jar:/Users/stevenr/.m2/repository/org/apache/logging/log4j/log4j-core/2.17.2/log4j-core-2.17.2.jar:/Users/stevenr/.m2/repository/org/junit/jupiter/junit-jupiter-api/5.8.1/junit-jupiter-api-5.8.1.jar:/Users/stevenr/.m2/repository/org/opentest4j/opentest4j/1.2.0/opentest4j-1.2.0.jar:/Users/stevenr/.m2/repository/org/junit/platform/junit-platform-commons/1.8.1/junit-platform-commons-1.8.1.jar:/Users/stevenr/.m2/repository/org/apiguardian/apiguardian-api/1.1.2/apiguardian-api-1.1.2.jar:/Users/stevenr/.m2/repository/org/junit/jupiter/junit-jupiter-engine/5.8.1/junit-jupiter-engine-5.8.1.jar:/Users/stevenr/.m2/repository/org/junit/platform/junit-platform-engine/1.8.1/junit-platform-engine-1.8.1.jar:/Users/stevenr/.m2/repository/org/junit/jupiter/junit-jupiter-params/5.8.1/junit-jupiter-params-5.8.1.jar:"/>
    <property name="java.vm.vendor" value="Homebrew"/>
    <property name="sun.arch.data.model" value="64"/>
    <property name="java.vendor.url" value="https://github.com/Homebrew/homebrew-core/issues"/>
    <property name="user.timezone" value="Atlantic/Canary"/>
    <property name="os.name" value="Mac OS X"/>
    <property name="java.vm.specification.version" value="17"/>
    <property name="sun.java.launcher" value="SUN_STANDARD"/>
    <property name="user.country" value="ES"/>
    <property name="sun.boot.library.path" value="/usr/local/Cellar/openjdk@17/17.0.13/libexec/openjdk.jdk/Contents/Home/lib"/>
    <property name="sun.java.command" value="/Volumes/Steven 1/Cosas de clase/Cuarto/Laboratorio de herramientas/Proyecto final/Uno/LDyH-PrFinal/target/surefire/surefirebooter4175877442610323593.jar /Volumes/Steven 1/Cosas de clase/Cuarto/Laboratorio de herramientas/Proyecto final/Uno/LDyH-PrFinal/target/surefire 2024-12-06T22-21-06_112-jvmRun1 surefire9153966900994198895tmp surefire_05353817999313588097tmp"/>
    <property name="http.nonProxyHosts" value="local|*.local|169.254/16|*.169.254/16"/>
    <property name="jdk.debug" value="release"/>
    <property name="surefire.test.class.path" value="/Volumes/Steven 1/Cosas de clase/Cuarto/Laboratorio de herramientas/Proyecto final/Uno/LDyH-PrFinal/target/test-classes:/Volumes/Steven 1/Cosas de clase/Cuarto/Laboratorio de herramientas/Proyecto final/Uno/LDyH-PrFinal/target/classes:/Users/stevenr/.m2/repository/org/springframework/spring-core/5.3.9/spring-core-5.3.9.jar:/Users/stevenr/.m2/repository/org/springframework/spring-jcl/5.3.9/spring-jcl-5.3.9.jar:/Users/stevenr/.m2/repository/junit/junit/4.13.2/junit-4.13.2.jar:/Users/stevenr/.m2/repository/org/hamcrest/hamcrest-core/1.3/hamcrest-core-1.3.jar:/Users/stevenr/.m2/repository/org/apache/logging/log4j/log4j-api/2.17.2/log4j-api-2.17.2.jar:/Users/stevenr/.m2/repository/org/apache/logging/log4j/log4j-core/2.17.2/log4j-core-2.17.2.jar:/Users/stevenr/.m2/repository/org/junit/jupiter/junit-jupiter-api/5.8.1/junit-jupiter-api-5.8.1.jar:/Users/stevenr/.m2/repository/org/opentest4j/opentest4j/1.2.0/opentest4j-1.2.0.jar:/Users/stevenr/.m2/repository/org/junit/platform/junit-platform-commons/1.8.1/junit-platform-commons-1.8.1.jar:/Users/stevenr/.m2/repository/org/apiguardian/apiguardian-api/1.1.2/apiguardian-api-1.1.2.jar:/Users/stevenr/.m2/repository/org/junit/jupiter/junit-jupiter-engine/5.8.1/junit-jupiter-engine-5.8.1.jar:/Users/stevenr/.m2/repository/org/junit/platform/junit-platform-engine/1.8.1/junit-platform-engine-1.8.1.jar:/Users/stevenr/.m2/repository/org/junit/jupiter/junit-jupiter-params/5.8.1/junit-jupiter-params-5.8.1.jar:"/>
    <property name="sun.cpu.endian" value="little"/>
    <property name="user.home" value="/Users/stevenr"/>
    <property name="user.language" value="es"/>
    <property name="java.specification.vendor" value="Oracle Corporation"/>
    <property name="java.version.date" value="2024-10-15"/>
    <property name="java.home" value="/usr/local/Cellar/openjdk@17/17.0.13/libexec/openjdk.jdk/Contents/Home"/>
    <property name="file.separator" value="/"/>
    <property name="basedir" value="/Volumes/Steven 1/Cosas de clase/Cuarto/Laboratorio de herramientas/Proyecto final/Uno/LDyH-PrFinal"/>
    <property name="java.vm.compressedOopsMode" value="Zero based"/>
    <property name="line.separator" value="&#10;"/>
    <property name="java.specification.name" value="Java Platform API Specification"/>
    <property name="java.vm.specification.vendor" value="Oracle Corporation"/>
    <property name="surefire.real.class.path" value="/Volumes/Steven 1/Cosas de clase/Cuarto/Laboratorio de herramientas/Proyecto final/Uno/LDyH-PrFinal/target/surefire/surefirebooter4175877442610323593.jar"/>
    <property name="sun.management.compiler" value="HotSpot 64-Bit Tiered Compilers"/>
    <property name="ftp.nonProxyHosts" value="local|*.local|169.254/16|*.169.254/16"/>
    <property name="java.runtime.version" value="17.0.13+0"/>
    <property name="user.name" value="stevenr"/>
    <property name="path.separator" value=":"/>
    <property name="os.version" value="15.0"/>
    <property name="java.runtime.name" value="OpenJDK Runtime Environment"/>
    <property name="file.encoding" value="UTF-8"/>
    <property name="java.vm.name" value="OpenJDK 64-Bit Server VM"/>
    <property name="java.vendor.version" value="Homebrew"/>
    <property name="localRepository" value="/Users/stevenr/.m2/repository"/>
    <property name="java.vendor.url.bug" value="https://github.com/Homebrew/homebrew-core/issues"/>
    <property name="java.io.tmpdir" value="/var/folders/d1/pq2_x5r97md0vrqjyw2ymw680000gn/T/"/>
    <property name="java.version" value="17.0.13"/>
    <property name="user.dir" value="/Volumes/Steven 1/Cosas de clase/Cuarto/Laboratorio de herramientas/Proyecto final/Uno/LDyH-PrFinal"/>
    <property name="os.arch" value="x86_64"/>
    <property name="java.vm.specification.name" value="Java Virtual Machine Specification"/>
    <property name="native.encoding" value="UTF-8"/>
    <property name="java.library.path" value="/Users/stevenr/Library/Java/Extensions:/Library/Java/Extensions:/Network/Library/Java/Extensions:/System/Library/Java/Extensions:/usr/lib/java:."/>
    <property name="java.vm.info" value="mixed mode, sharing"/>
    <property name="java.vendor" value="Homebrew"/>
    <property name="java.vm.version" value="17.0.13+0"/>
    <property name="java.specification.maintenance.version" value="1"/>
    <property name="sun.io.unicode.encoding" value="UnicodeBig"/>
    <property name="socksNonProxyHosts" value="local|*.local|169.254/16|*.169.254/16"/>
    <property name="java.class.version" value="61.0"/>
  </properties>
  <testcase name="testGetId" classname="domain.player.TestInmutablePlayer" time="0.001"/>
  <testcase name="testGetName" classname="domain.player.TestInmutablePlayer" time="0.001"/>
</testsuite>